Build started 4/28/2013 9:12:57 AM.
     1>Project "C:\Users\aidan\Documents\gtc\2013\spring\cist 2362\Visual Studio\DiningSim\DiningSim\DiningSim.vcxproj" on node 2 (build target(s)).
     1>InitializeBuildStatus:
         Creating "Debug\DiningSim.unsuccessfulbuild" because "AlwaysCreate" was specified.
       ClCompile:
         c:\Program Files (x86)\Microsoft Visual Studio 10.0\VC\bin\CL.exe /c /ZI /nologo /W3 /WX- /Od /Oy- /D _MBCS /Gm /EHsc /RTC1 /MDd /GS /fp:precise /Zc:wchar_t /Zc:forScope /Fo"Debug\\" /Fd"Debug\vc100.pdb" /Gd /TP /analyze- /errorReport:prompt Menu.cpp Restaurant.cpp Server.cpp Table.cpp main.cpp
         Menu.cpp
     1>c:\users\aidan\documents\gtc\2013\spring\cist 2362\visual studio\diningsim\diningsim\menu.cpp(479): warning C4018: '<' : signed/unsigned mismatch
         Generating Code...
         Skipping... (no relevant changes detected)
         main.cpp
         Table.cpp
         Server.cpp
         Restaurant.cpp
       Link:
         c:\Program Files (x86)\Microsoft Visual Studio 10.0\VC\bin\link.exe /ERRORREPORT:PROMPT /OUT:"C:\Users\aidan\Documents\gtc\2013\spring\cist 2362\Visual Studio\DiningSim\Debug\DiningSim.exe" /NOLOGO kernel32.lib user32.lib gdi32.lib winspool.lib comdlg32.lib advapi32.lib shell32.lib ole32.lib oleaut32.lib uuid.lib odbc32.lib odbccp32.lib /MANIFEST /ManifestFile:"Debug\DiningSim.exe.intermediate.manifest" /MANIFESTUAC:"level='asInvoker' uiAccess='false'" /DEBUG /PDB:"C:\Users\aidan\Documents\gtc\2013\spring\cist 2362\Visual Studio\DiningSim\Debug\DiningSim.pdb" /TLBID:1 /DYNAMICBASE /NXCOMPAT /IMPLIB:"C:\Users\aidan\Documents\gtc\2013\spring\cist 2362\Visual Studio\DiningSim\Debug\DiningSim.lib" /MACHINE:X86 Debug\HeadCount.obj
         Debug\main.obj
         Debug\Menu.obj
         Debug\Party.obj
         Debug\RandomInteger.obj
         Debug\Restaurant.obj
         Debug\Server.obj
         Debug\Table.obj
         LINK : C:\Users\aidan\Documents\gtc\2013\spring\cist 2362\Visual Studio\DiningSim\Debug\DiningSim.exe not found or not built by the last incremental link; performing full link
         DiningSim.vcxproj -> C:\Users\aidan\Documents\gtc\2013\spring\cist 2362\Visual Studio\DiningSim\Debug\DiningSim.exe
       Manifest:
         C:\Program Files (x86)\Microsoft SDKs\Windows\v7.0A\bin\mt.exe /nologo /verbose /outputresource:"C:\Users\aidan\Documents\gtc\2013\spring\cist 2362\Visual Studio\DiningSim\Debug\DiningSim.exe;#1" /manifest Debug\DiningSim.exe.intermediate.manifest
       FinalizeBuildStatus:
         Deleting file "Debug\DiningSim.unsuccessfulbuild".
         Touching "Debug\DiningSim.lastbuildstate".
     1>Done Building Project "C:\Users\aidan\Documents\gtc\2013\spring\cist 2362\Visual Studio\DiningSim\DiningSim\DiningSim.vcxproj" (build target(s)).

Build succeeded.

Time Elapsed 00:00:14.93
